# Logfile created on 2013-12-27 19:04:06 -0600 by logger.rb/41954
I, [2013-12-27T19:04:06.146506 #31036]  INFO -- : 0:  builder (3.2.2) from /Users/Austin/.rvm/gems/ruby-2.0.0-p353/specifications/builder-3.2.2.gemspec
I, [2013-12-27T19:04:06.557382 #31036]  INFO -- : 0:  mime-types (1.23) from /Users/Austin/.rvm/gems/ruby-2.0.0-p353/specifications/mime-types-1.23.gemspec
I, [2013-12-27T19:04:07.005376 #31036]  INFO -- : 0:  xml-simple (1.1.2) from /Users/Austin/.rvm/gems/ruby-2.0.0-p353/specifications/xml-simple-1.1.2.gemspec
I, [2013-12-27T19:04:07.467380 #31036]  INFO -- : 0:  aws-s3 (0.6.3) from /Users/Austin/.rvm/gems/ruby-2.0.0-p353/specifications/aws-s3-0.6.3.gemspec
I, [2013-12-27T19:04:07.920477 #31036]  INFO -- : 0:  highline (1.6.20) from /Users/Austin/.rvm/gems/ruby-2.0.0-p353/specifications/highline-1.6.20.gemspec
I, [2013-12-27T19:04:08.669855 #31036]  INFO -- : 0:  net-ssh (2.7.0) from /Users/Austin/.rvm/gems/ruby-2.0.0-p353/specifications/net-ssh-2.7.0.gemspec
I, [2013-12-27T19:04:08.993516 #31036]  INFO -- : 0:  net-scp (1.1.2) from /Users/Austin/.rvm/gems/ruby-2.0.0-p353/specifications/net-scp-1.1.2.gemspec
I, [2013-12-27T19:04:09.383461 #31036]  INFO -- : 0:  net-sftp (2.1.2) from /Users/Austin/.rvm/gems/ruby-2.0.0-p353/specifications/net-sftp-2.1.2.gemspec
I, [2013-12-27T19:04:09.691292 #31036]  INFO -- : 0:  net-ssh-gateway (1.2.0) from /Users/Austin/.rvm/gems/ruby-2.0.0-p353/specifications/net-ssh-gateway-1.2.0.gemspec
I, [2013-12-27T19:04:10.209102 #31036]  INFO -- : 0:  capistrano (2.15.5) from /Users/Austin/.rvm/gems/ruby-2.0.0-p353/specifications/capistrano-2.15.5.gemspec
I, [2013-12-27T19:04:10.865055 #31036]  INFO -- : 0:  chunky_png (1.2.8) from /Users/Austin/.rvm/gems/ruby-2.0.0-p353/specifications/chunky_png-1.2.8.gemspec
I, [2013-12-27T19:04:11.190429 #31036]  INFO -- : 0:  fssm (0.2.10) from /Users/Austin/.rvm/gems/ruby-2.0.0-p353/specifications/fssm-0.2.10.gemspec
I, [2013-12-27T19:04:11.834236 #31036]  INFO -- : 0:  sass (3.2.9) from /Users/Austin/.rvm/gems/ruby-2.0.0-p353/specifications/sass-3.2.9.gemspec
I, [2013-12-27T19:04:13.318866 #31036]  INFO -- : 0:  compass (0.12.2) from /Users/Austin/.rvm/gems/ruby-2.0.0-p353/specifications/compass-0.12.2.gemspec
I, [2013-12-27T19:04:14.928690 #31036]  INFO -- : 0:  haml (3.1.8) from /Users/Austin/.rvm/gems/ruby-2.0.0-p353/specifications/haml-3.1.8.gemspec
I, [2013-12-27T19:04:14.929331 #31036]  INFO -- : 0:  rack (1.5.2) from /Users/Austin/.rvm/gems/ruby-2.0.0-p353@global/specifications/rack-1.5.2.gemspec
I, [2013-12-27T19:04:24.162015 #31036]  INFO -- : 0:  rdiscount (2.1.6) from /Users/Austin/.rvm/gems/ruby-2.0.0-p353/specifications/rdiscount-2.1.6.gemspec
I, [2013-12-27T19:04:25.370610 #31036]  INFO -- : 0:  rvm-capistrano (1.5.1) from /Users/Austin/.rvm/gems/ruby-2.0.0-p353/specifications/rvm-capistrano-1.5.1.gemspec
I, [2013-12-27T19:04:25.371202 #31036]  INFO -- : 0:  thor (0.18.1) from /Users/Austin/.rvm/gems/ruby-2.0.0-p353@global/specifications/thor-0.18.1.gemspec
I, [2013-12-27T19:04:25.371610 #31036]  INFO -- : 0:  tilt (1.4.1) from /Users/Austin/.rvm/gems/ruby-2.0.0-p353@global/specifications/tilt-1.4.1.gemspec
I, [2013-12-27T19:04:26.443300 #31036]  INFO -- : 0:  staticmatic2 (2.1.6) from /Users/Austin/.rvm/gems/ruby-2.0.0-p353/specifications/staticmatic2-2.1.6.gemspec
I, [2013-12-27T19:04:26.443908 #31036]  INFO -- : 0:  bundler (1.5.0) from /Users/Austin/.rvm/gems/ruby-2.0.0-p353@global/specifications/bundler-1.5.0.gemspec
